c:\users\delila\source\repos\lzw_compressor\debug\lzw_compressor.pch
c:\users\delila\source\repos\lzw_compressor\debug\vc142.pdb
c:\users\delila\source\repos\lzw_compressor\debug\pch.obj
c:\users\delila\source\repos\lzw_compressor\debug\form1.obj
c:\users\delila\source\repos\lzw_compressor\debug\cppclr_winformsprojekt.obj
c:\users\delila\source\repos\lzw_compressor\debug\assemblyinfo.obj
c:\users\delila\source\repos\lzw_compressor\debug\.netframework,version=v4.7.2.assemblyattributes.obj
c:\users\delila\source\repos\lzw_compressor\debug\.netframework,version=v4.7.2.assemblyattributes.asm
c:\users\delila\source\repos\lzw_compressor\debug\compressionform.obj
c:\users\delila\source\repos\lzw_compressor\debug\lzw_compressor.exe
c:\users\delila\source\repos\lzw_compressor\debug\lzw_compressor.pdb
c:\users\delila\source\repos\lzw_compressor\debug\lzw_compressor.compressionform.resources
c:\users\delila\source\repos\lzw_compressor\debug\app.res
c:\users\delila\source\repos\lzw_compressor\debug\lzw_compressor.vcxproj.generateresource.cache
c:\users\delila\source\repos\lzw_compressor\debug\lzw_compressor.vcxprojassemblyreference.cache
c:\users\delila\source\repos\lzw_compressor\debug\lzw_compressor.exe.metagen
c:\users\delila\source\repos\lzw_compressor\debug\lzw_compressor.tlog\cl.command.1.tlog
c:\users\delila\source\repos\lzw_compressor\debug\lzw_compressor.tlog\cl.read.1.tlog
c:\users\delila\source\repos\lzw_compressor\debug\lzw_compressor.tlog\cl.write.1.tlog
c:\users\delila\source\repos\lzw_compressor\debug\lzw_compressor.tlog\link.11120.delete.1.tlog
c:\users\delila\source\repos\lzw_compressor\debug\lzw_compressor.tlog\link.14052.delete.1.tlog
c:\users\delila\source\repos\lzw_compressor\debug\lzw_compressor.tlog\link.14980.delete.1.tlog
c:\users\delila\source\repos\lzw_compressor\debug\lzw_compressor.tlog\link.17940.delete.1.tlog
c:\users\delila\source\repos\lzw_compressor\debug\lzw_compressor.tlog\link.18788.delete.1.tlog
c:\users\delila\source\repos\lzw_compressor\debug\lzw_compressor.tlog\link.21680.delete.1.tlog
c:\users\delila\source\repos\lzw_compressor\debug\lzw_compressor.tlog\link.22368.delete.1.tlog
c:\users\delila\source\repos\lzw_compressor\debug\lzw_compressor.tlog\link.23460.delete.1.tlog
c:\users\delila\source\repos\lzw_compressor\debug\lzw_compressor.tlog\link.27408.delete.1.tlog
c:\users\delila\source\repos\lzw_compressor\debug\lzw_compressor.tlog\link.27756.delete.1.tlog
c:\users\delila\source\repos\lzw_compressor\debug\lzw_compressor.tlog\link.28064.delete.1.tlog
c:\users\delila\source\repos\lzw_compressor\debug\lzw_compressor.tlog\link.28248.delete.1.tlog
c:\users\delila\source\repos\lzw_compressor\debug\lzw_compressor.tlog\link.28324.delete.1.tlog
c:\users\delila\source\repos\lzw_compressor\debug\lzw_compressor.tlog\link.30548.delete.1.tlog
c:\users\delila\source\repos\lzw_compressor\debug\lzw_compressor.tlog\link.30620.delete.1.tlog
c:\users\delila\source\repos\lzw_compressor\debug\lzw_compressor.tlog\link.6116.delete.1.tlog
c:\users\delila\source\repos\lzw_compressor\debug\lzw_compressor.tlog\link.8968.delete.1.tlog
c:\users\delila\source\repos\lzw_compressor\debug\lzw_compressor.tlog\link.command.1.tlog
c:\users\delila\source\repos\lzw_compressor\debug\lzw_compressor.tlog\link.read.1.tlog
c:\users\delila\source\repos\lzw_compressor\debug\lzw_compressor.tlog\link.write.1.tlog
c:\users\delila\source\repos\lzw_compressor\debug\lzw_compressor.tlog\lzw_compressor.write.1u.tlog
c:\users\delila\source\repos\lzw_compressor\debug\lzw_compressor.tlog\metagen.read.1.tlog
c:\users\delila\source\repos\lzw_compressor\debug\lzw_compressor.tlog\metagen.write.1.tlog
c:\users\delila\source\repos\lzw_compressor\debug\lzw_compressor.tlog\rc.command.1.tlog
c:\users\delila\source\repos\lzw_compressor\debug\lzw_compressor.tlog\rc.read.1.tlog
c:\users\delila\source\repos\lzw_compressor\debug\lzw_compressor.tlog\rc.write.1.tlog
