c:\users\delila\source\repos\lzw_compressor\x64\debug\lzw_compressor.pch
c:\users\delila\source\repos\lzw_compressor\x64\debug\vc142.pdb
c:\users\delila\source\repos\lzw_compressor\x64\debug\pch.obj
c:\users\delila\source\repos\lzw_compressor\x64\debug\compressionform.obj
c:\users\delila\source\repos\lzw_compressor\x64\debug\lzwcompressor.obj
c:\users\delila\source\repos\lzw_compressor\x64\debug\compressionviewform.obj
c:\users\delila\source\repos\lzw_compressor\x64\debug\assemblyinfo.obj
c:\users\delila\source\repos\lzw_compressor\x64\debug\.netframework,version=v4.7.2.assemblyattributes.obj
c:\users\delila\source\repos\lzw_compressor\x64\debug\.netframework,version=v4.7.2.assemblyattributes.asm
c:\users\delila\source\repos\lzw_compressor\x64\debug\lzw_compressor.exe
c:\users\delila\source\repos\lzw_compressor\x64\debug\lzw_compressor.pdb
c:\users\delila\source\repos\lzw_compressor\x64\debug\lzw_compressor.compressionform.resources
c:\users\delila\source\repos\lzw_compressor\x64\debug\lzw_compressor.compressionviewform.resources
c:\users\delila\source\repos\lzw_compressor\x64\debug\app.res
c:\users\delila\source\repos\lzw_compressor\x64\debug\lzw_compressor.vcxproj.generateresource.cache
c:\users\delila\source\repos\lzw_compressor\x64\debug\lzw_compressor.vcxprojassemblyreference.cache
c:\users\delila\source\repos\lzw_compressor\x64\debug\lzw_compressor.exe.metagen
c:\users\delila\source\repos\lzw_compressor\x64\debug\lzw_compressor.tlog\cl.command.1.tlog
c:\users\delila\source\repos\lzw_compressor\x64\debug\lzw_compressor.tlog\cl.read.1.tlog
c:\users\delila\source\repos\lzw_compressor\x64\debug\lzw_compressor.tlog\cl.write.1.tlog
c:\users\delila\source\repos\lzw_compressor\x64\debug\lzw_compressor.tlog\link.10308.delete.1.tlog
c:\users\delila\source\repos\lzw_compressor\x64\debug\lzw_compressor.tlog\link.10736.delete.1.tlog
c:\users\delila\source\repos\lzw_compressor\x64\debug\lzw_compressor.tlog\link.10996.delete.1.tlog
c:\users\delila\source\repos\lzw_compressor\x64\debug\lzw_compressor.tlog\link.11728.delete.1.tlog
c:\users\delila\source\repos\lzw_compressor\x64\debug\lzw_compressor.tlog\link.11992.delete.1.tlog
c:\users\delila\source\repos\lzw_compressor\x64\debug\lzw_compressor.tlog\link.12200.delete.1.tlog
c:\users\delila\source\repos\lzw_compressor\x64\debug\lzw_compressor.tlog\link.12248.delete.1.tlog
c:\users\delila\source\repos\lzw_compressor\x64\debug\lzw_compressor.tlog\link.12692.delete.1.tlog
c:\users\delila\source\repos\lzw_compressor\x64\debug\lzw_compressor.tlog\link.12836.delete.1.tlog
c:\users\delila\source\repos\lzw_compressor\x64\debug\lzw_compressor.tlog\link.12964.delete.1.tlog
c:\users\delila\source\repos\lzw_compressor\x64\debug\lzw_compressor.tlog\link.1300.delete.1.tlog
c:\users\delila\source\repos\lzw_compressor\x64\debug\lzw_compressor.tlog\link.13164.delete.1.tlog
c:\users\delila\source\repos\lzw_compressor\x64\debug\lzw_compressor.tlog\link.13468.delete.1.tlog
c:\users\delila\source\repos\lzw_compressor\x64\debug\lzw_compressor.tlog\link.13716.delete.1.tlog
c:\users\delila\source\repos\lzw_compressor\x64\debug\lzw_compressor.tlog\link.14368.delete.1.tlog
c:\users\delila\source\repos\lzw_compressor\x64\debug\lzw_compressor.tlog\link.14484.delete.1.tlog
c:\users\delila\source\repos\lzw_compressor\x64\debug\lzw_compressor.tlog\link.14504.delete.1.tlog
c:\users\delila\source\repos\lzw_compressor\x64\debug\lzw_compressor.tlog\link.14520.delete.1.tlog
c:\users\delila\source\repos\lzw_compressor\x64\debug\lzw_compressor.tlog\link.1460.delete.1.tlog
c:\users\delila\source\repos\lzw_compressor\x64\debug\lzw_compressor.tlog\link.1476.delete.1.tlog
c:\users\delila\source\repos\lzw_compressor\x64\debug\lzw_compressor.tlog\link.1500.delete.1.tlog
c:\users\delila\source\repos\lzw_compressor\x64\debug\lzw_compressor.tlog\link.1612.delete.1.tlog
c:\users\delila\source\repos\lzw_compressor\x64\debug\lzw_compressor.tlog\link.16268.delete.1.tlog
c:\users\delila\source\repos\lzw_compressor\x64\debug\lzw_compressor.tlog\link.1648.delete.1.tlog
c:\users\delila\source\repos\lzw_compressor\x64\debug\lzw_compressor.tlog\link.16492.delete.1.tlog
c:\users\delila\source\repos\lzw_compressor\x64\debug\lzw_compressor.tlog\link.16516.delete.1.tlog
c:\users\delila\source\repos\lzw_compressor\x64\debug\lzw_compressor.tlog\link.1652.delete.1.tlog
c:\users\delila\source\repos\lzw_compressor\x64\debug\lzw_compressor.tlog\link.16588.delete.1.tlog
c:\users\delila\source\repos\lzw_compressor\x64\debug\lzw_compressor.tlog\link.17184.delete.1.tlog
c:\users\delila\source\repos\lzw_compressor\x64\debug\lzw_compressor.tlog\link.17264.delete.1.tlog
c:\users\delila\source\repos\lzw_compressor\x64\debug\lzw_compressor.tlog\link.17884.delete.1.tlog
c:\users\delila\source\repos\lzw_compressor\x64\debug\lzw_compressor.tlog\link.18000.delete.1.tlog
c:\users\delila\source\repos\lzw_compressor\x64\debug\lzw_compressor.tlog\link.18088.delete.1.tlog
c:\users\delila\source\repos\lzw_compressor\x64\debug\lzw_compressor.tlog\link.18320.delete.1.tlog
c:\users\delila\source\repos\lzw_compressor\x64\debug\lzw_compressor.tlog\link.18556.delete.1.tlog
c:\users\delila\source\repos\lzw_compressor\x64\debug\lzw_compressor.tlog\link.19084.delete.1.tlog
c:\users\delila\source\repos\lzw_compressor\x64\debug\lzw_compressor.tlog\link.19172.delete.1.tlog
c:\users\delila\source\repos\lzw_compressor\x64\debug\lzw_compressor.tlog\link.19624.delete.1.tlog
c:\users\delila\source\repos\lzw_compressor\x64\debug\lzw_compressor.tlog\link.19696.delete.1.tlog
c:\users\delila\source\repos\lzw_compressor\x64\debug\lzw_compressor.tlog\link.19744.delete.1.tlog
c:\users\delila\source\repos\lzw_compressor\x64\debug\lzw_compressor.tlog\link.19944.delete.1.tlog
c:\users\delila\source\repos\lzw_compressor\x64\debug\lzw_compressor.tlog\link.20296.delete.1.tlog
c:\users\delila\source\repos\lzw_compressor\x64\debug\lzw_compressor.tlog\link.20752.delete.1.tlog
c:\users\delila\source\repos\lzw_compressor\x64\debug\lzw_compressor.tlog\link.20836.delete.1.tlog
c:\users\delila\source\repos\lzw_compressor\x64\debug\lzw_compressor.tlog\link.21120.delete.1.tlog
c:\users\delila\source\repos\lzw_compressor\x64\debug\lzw_compressor.tlog\link.21140.delete.1.tlog
c:\users\delila\source\repos\lzw_compressor\x64\debug\lzw_compressor.tlog\link.21152.delete.1.tlog
c:\users\delila\source\repos\lzw_compressor\x64\debug\lzw_compressor.tlog\link.2132.delete.1.tlog
c:\users\delila\source\repos\lzw_compressor\x64\debug\lzw_compressor.tlog\link.21868.delete.1.tlog
c:\users\delila\source\repos\lzw_compressor\x64\debug\lzw_compressor.tlog\link.22436.delete.1.tlog
c:\users\delila\source\repos\lzw_compressor\x64\debug\lzw_compressor.tlog\link.24168.delete.1.tlog
c:\users\delila\source\repos\lzw_compressor\x64\debug\lzw_compressor.tlog\link.25364.delete.1.tlog
c:\users\delila\source\repos\lzw_compressor\x64\debug\lzw_compressor.tlog\link.26064.delete.1.tlog
c:\users\delila\source\repos\lzw_compressor\x64\debug\lzw_compressor.tlog\link.26476.delete.1.tlog
c:\users\delila\source\repos\lzw_compressor\x64\debug\lzw_compressor.tlog\link.3192.delete.1.tlog
c:\users\delila\source\repos\lzw_compressor\x64\debug\lzw_compressor.tlog\link.3268.delete.1.tlog
c:\users\delila\source\repos\lzw_compressor\x64\debug\lzw_compressor.tlog\link.5180.delete.1.tlog
c:\users\delila\source\repos\lzw_compressor\x64\debug\lzw_compressor.tlog\link.5672.delete.1.tlog
c:\users\delila\source\repos\lzw_compressor\x64\debug\lzw_compressor.tlog\link.6556.delete.1.tlog
c:\users\delila\source\repos\lzw_compressor\x64\debug\lzw_compressor.tlog\link.7180.delete.1.tlog
c:\users\delila\source\repos\lzw_compressor\x64\debug\lzw_compressor.tlog\link.7464.delete.1.tlog
c:\users\delila\source\repos\lzw_compressor\x64\debug\lzw_compressor.tlog\link.8068.delete.1.tlog
c:\users\delila\source\repos\lzw_compressor\x64\debug\lzw_compressor.tlog\link.84.delete.1.tlog
c:\users\delila\source\repos\lzw_compressor\x64\debug\lzw_compressor.tlog\link.9868.delete.1.tlog
c:\users\delila\source\repos\lzw_compressor\x64\debug\lzw_compressor.tlog\link.9944.delete.1.tlog
c:\users\delila\source\repos\lzw_compressor\x64\debug\lzw_compressor.tlog\link.9968.delete.1.tlog
c:\users\delila\source\repos\lzw_compressor\x64\debug\lzw_compressor.tlog\link.command.1.tlog
c:\users\delila\source\repos\lzw_compressor\x64\debug\lzw_compressor.tlog\link.read.1.tlog
c:\users\delila\source\repos\lzw_compressor\x64\debug\lzw_compressor.tlog\link.write.1.tlog
c:\users\delila\source\repos\lzw_compressor\x64\debug\lzw_compressor.tlog\lzw_compressor.write.1u.tlog
c:\users\delila\source\repos\lzw_compressor\x64\debug\lzw_compressor.tlog\metagen.read.1.tlog
c:\users\delila\source\repos\lzw_compressor\x64\debug\lzw_compressor.tlog\metagen.write.1.tlog
c:\users\delila\source\repos\lzw_compressor\x64\debug\lzw_compressor.tlog\rc.command.1.tlog
c:\users\delila\source\repos\lzw_compressor\x64\debug\lzw_compressor.tlog\rc.read.1.tlog
c:\users\delila\source\repos\lzw_compressor\x64\debug\lzw_compressor.tlog\rc.write.1.tlog
